27.7.2025, 20:35:18 - INFO - Server listening on port http://127.0.0.1:3030/
27.7.2025, 20:35:20 - INFO - Server listening on port http://127.0.0.1:3030/
27.7.2025, 20:35:28 - ERROR - Cannot get bug | ReferenceError: fs is not defined
27.7.2025, 20:43:34 - INFO - Server listening on port http://127.0.0.1:3030/
27.7.2025, 20:43:42 - ERROR - Cannot get bug | ReferenceError: fs is not defined
27.7.2025, 20:44:11 - INFO - Server listening on port http://127.0.0.1:3030/
27.7.2025, 20:45:04 - INFO - Server listening on port http://127.0.0.1:3030/
27.7.2025, 20:45:09 - ERROR - Cannot get bug | ReferenceError: fs is not defined
27.7.2025, 20:45:14 - INFO - Server listening on port http://127.0.0.1:3030/
27.7.2025, 20:47:16 - ERROR - Cannot get bug | ReferenceError: fs is not defined
27.7.2025, 20:47:33 - ERROR - Cannot save bug | ReferenceError: fs is not defined
27.7.2025, 20:47:33 - DEBUG - req.query | {"title":"Cannot save a new car","description":"Problem when clicking Save","severity":"2","_id":"bug001"}
4.8.2025, 20:24:28 - INFO - Deleting bug: | bug001
4.8.2025, 22:26:38 - DEBUG - Saving bug: | {}
4.8.2025, 22:28:53 - DEBUG - Saving bug: | 
4.8.2025, 22:31:07 - DEBUG - Saving bug: | {"_id":"bug010","title":"Settings not saved","description":"Changes lost after reload","severity":3,"createdAt":1631107359454,"labels":["persistence","bug"]}
4.8.2025, 22:31:14 - DEBUG - Saving bug: | {"_id":"bug010","title":"Settings not saved","description":"Changes lost after reload","severity":2,"createdAt":1631107359454,"labels":["persistence","bug"]}
4.8.2025, 22:49:39 - DEBUG - Creating bug: | 
4.8.2025, 22:50:01 - INFO - Deleting bug: | 4RYOZ
5.8.2025, 19:41:58 - INFO - Deleting bug: | bug001
5.8.2025, 19:42:26 - INFO - Deleting bug: | bug004
8.8.2025, 15:45:58 - INFO - Deleting bug: | bug014
8.8.2025, 15:46:01 - INFO - Deleting bug: | bug013
8.8.2025, 15:46:02 - INFO - Deleting bug: | bug015
8.8.2025, 15:47:51 - INFO - Deleting bug: | bug003
8.8.2025, 15:47:52 - INFO - Deleting bug: | bug008
8.8.2025, 15:47:54 - INFO - Deleting bug: | bug020
8.8.2025, 15:51:26 - INFO - Deleting bug: | bug011
8.8.2025, 15:53:42 - DEBUG - Creating bug: | {"title":"Bug 1754657621280","severity":3,"description":""}
8.8.2025, 15:53:47 - DEBUG - Creating bug: | {"title":"Bug 1754657623798","severity":3,"description":""}
8.8.2025, 15:53:55 - DEBUG - Creating bug: | {"title":"Uri","severity":3,"description":""}
8.8.2025, 15:53:59 - INFO - Deleting bug: | iPzea
8.8.2025, 15:54:00 - INFO - Deleting bug: | aGK87
8.8.2025, 15:54:01 - INFO - Deleting bug: | bug007
8.8.2025, 15:54:02 - INFO - Deleting bug: | LgvOF
8.8.2025, 15:54:03 - INFO - Deleting bug: | bug019
8.8.2025, 15:54:04 - INFO - Deleting bug: | DQnwt
8.8.2025, 15:54:21 - DEBUG - Creating bug: | {"title":"Bug 1754657661233","severity":3,"description":""}
8.8.2025, 16:03:07 - DEBUG - Saving bug: | {"_id":"bug016","title":"you right","description":"i know","severity":5,"createdAt":1637107359454,"labels":["performance","dashboard"]}
9.8.2025, 10:41:19 - DEBUG - Creating bug: | {"title":"TEST","severity":3,"description":"TESTING"}
9.8.2025, 10:41:46 - DEBUG - Saving bug: | {"_id":"bug113","title":"Backup process fails silently","description":"No error message shown when disk space full","severity":4,"createdAt":1673568000000,"isDone":false,"labels":["backup","storage","error-handling"]}
10.8.2025, 18:45:05 - INFO - Deleting bug: | bug101
10.8.2025, 18:45:14 - DEBUG - Saving bug: | {"_id":"bug010","title":"Settings not saved","description":"Changes lost after reload","severity":1,"createdAt":1631107359454,"labels":["persistence","bug"]}
10.8.2025, 18:46:09 - DEBUG - Saving bug: | {"_id":"bug010","title":"Settings not saved","description":"Changes lost after reload","severity":1,"createdAt":1631107359454,"labels":["persistence","bug"]}
10.8.2025, 18:46:09 - ERROR - Couldn't find bug bug009 in bugService
10.8.2025, 18:46:15 - ERROR - Couldnt find bug bug001 in bugService
10.8.2025, 18:48:54 - WARN - User has visited 4 times
10.8.2025, 19:07:56 - INFO - Server listening on port http://localhost:3030/
10.8.2025, 19:09:57 - INFO - Server listening on port http://localhost:3030/
10.8.2025, 19:11:40 - INFO - Server listening on port http://localhost:3030/
10.8.2025, 19:25:54 - INFO - Server listening on port http://localhost:3030/
10.8.2025, 19:28:42 - INFO - Server listening on port http://localhost:3030/
10.8.2025, 19:32:05 - INFO - Server listening on port http://localhost:3030/
10.8.2025, 19:32:15 - INFO - Server listening on port http://localhost:3030/
10.8.2025, 19:34:26 - INFO - Server listening on port http://localhost:3030/
10.8.2025, 19:35:07 - INFO - Server listening on port http://localhost:3030/
10.8.2025, 19:41:23 - INFO - Server listening on port http://localhost:3030/
10.8.2025, 19:45:53 - INFO - Server listening on port http://localhost:3030/
16.8.2025, 22:39:50 - INFO - Server listening on port http://localhost:3030/
16.8.2025, 22:50:01 - INFO - Deleting bug: | bug109
16.8.2025, 22:50:01 - INFO - Server listening on port http://localhost:3030/
16.8.2025, 22:50:03 - DEBUG - Creating bug: | {"title":"Bug 1755373802748","severity":3,"description":""}
16.8.2025, 22:50:03 - INFO - Server listening on port http://localhost:3030/
16.8.2025, 23:05:12 - INFO - Server listening on port http://localhost:3030/
16.8.2025, 23:06:21 - INFO - Server listening on port http://localhost:3030/
17.8.2025, 0:03:48 - INFO - Server listening on port http://localhost:3030/
17.8.2025, 0:52:46 - INFO - Server listening on port http://localhost:3030/
17.8.2025, 11:07:34 - INFO - Server listening on port http://localhost:3030/
17.8.2025, 11:09:39 - INFO - Server listening on port http://localhost:3030/
17.8.2025, 11:10:00 - INFO - Server listening on port http://localhost:3030/
17.8.2025, 11:10:28 - INFO - Server listening on port http://localhost:3030/
17.8.2025, 11:10:43 - INFO - Server listening on port http://localhost:3030/
17.8.2025, 11:10:56 - INFO - Server listening on port http://localhost:3030/
17.8.2025, 11:22:51 - INFO - Server listening on port http://localhost:3030/
17.8.2025, 11:22:57 - INFO - Server listening on port http://localhost:3030/
17.8.2025, 11:27:19 - INFO - Server listening on port http://localhost:3030/
17.8.2025, 11:30:47 - INFO - Server listening on port http://localhost:3030/
